[2022-07-14 17:56:21.134152 -07:00] INFO [updater_client]: Starting updater main thread. Application root: "D:\\PortableApps\\DiscordPortable\\App\\Discord"
[2022-07-14 17:56:22.158838 -07:00] INFO [updater_client]: Updater received command 0: UpdateToLatest { options: Some(UpdateOptions { skip_host_delta: false, skip_module_delta: {} }) }
[2022-07-14 17:56:22.190784 -07:00] INFO [updater_client::install]: Starting update to latest.
[2022-07-14 17:56:22.195217 -07:00] INFO [updater_client::db]: Opening installer database (exclusive: true, caller: update_to_latest).
[2022-07-14 17:56:22.233076 -07:00] INFO [updater_client::db]: Opened installer database (exclusive: true, caller: update_to_latest).
[2022-07-14 17:56:22.234108 -07:00] INFO [updater_client::install]: Requesting manifest for HostIdentifier { name: APP, release_channel: STABLE, platform: WIN, arch: X86 }, from "https://discord.com/api/updates/"
[2022-07-14 17:56:22.851013 -07:00] INFO [updater_client::install]: Already up to date. Nothing to do.
[2022-07-14 17:56:23.056417 -07:00] INFO [updater_client::db]: Dropping database reference (exclusive: true, caller: "update_to_latest", strong count: 2)
[2022-07-14 17:56:23.056469 -07:00] INFO [updater_client::install]: Update to latest complete.
[2022-07-14 17:56:23.056865 -07:00] INFO [updater_client::db]: Dropping database reference (exclusive: true, caller: "update_to_latest", strong count: 1)
[2022-07-14 17:56:23.058873 -07:00] INFO [updater_client]: Updater received command 1: QueryCurrentVersions
[2022-07-14 17:56:23.059028 -07:00] INFO [updater_client::db]: Opening installer database (exclusive: true, caller: query_current_version).
[2022-07-14 17:56:23.065044 -07:00] INFO [updater_client::db]: Opened installer database (exclusive: true, caller: query_current_version).
[2022-07-14 17:56:23.067391 -07:00] INFO [updater_client::db]: Dropping database reference (exclusive: true, caller: "query_current_version", strong count: 1)
[2022-07-14 17:56:23.068712 -07:00] INFO [updater_client]: Updater received command 2: SetManifests(Running, Some(HostUpdates { full: HostUpdatePackage { host_version: HostVersionTriple(1, 0, 9005), package_sha256: "aa030abff6f94270e0669828248f8f9a8d28ddaee095b3672af343b4da074faf", url: "https://dl.discordapp.net/distro/app/stable/win/x86/1.0.9005/full.distro" }, deltas: [HostUpdatePackage { host_version: HostVersionTriple(1, 0, 9004), package_sha256: "83c4fc9a39754ffe3945ff35076bbbbf442639b79811c1c622e6ca0a94983411", url: "https://dl.discordapp.net/distro/app/stable/win/x86/1.0.9005/from/1.0.9004" }], modules: {"discord_utils": ModuleUpdates { full: ModuleUpdatePackage { host_version: HostVersionTriple(1, 0, 9005), module_version: 1, package_sha256: "3c88e2154da34f2c8feececf375190457646676b703b3fb03de4e7b95ef20886", url: "https://dl.discordapp.net/distro/app/stable/win/x86/1.0.9005/discord_utils/1/full.distro" }, deltas: [ModuleUpdatePackage { host_version: HostVersionTriple(1, 0, 9004), module_version: 1, package_sha256: "40406173beec51fb53fb47bb158bb668f2f4dccf4925f11ffcee50a85ef5c2ca", url: "https://dl.discordapp.net/distro/app/stable/win/x86/1.0.9005/discord_utils/1/from/1.0.9004/1" }] }, "discord_hook": ModuleUpdates { full: ModuleUpdatePackage { host_version: HostVersionTriple(1, 0, 9005), module_version: 1, package_sha256: "4d2501183be8c39bf0a776ad4908a6449daab116d08045d6bd4a567fa6ce8e91", url: "https://dl.discordapp.net/distro/app/stable/win/x86/1.0.9005/discord_hook/1/full.distro" }, deltas: [ModuleUpdatePackage { host_version: HostVersionTriple(1, 0, 9004), module_version: 1, package_sha256: "fde7ecc4e7ecf3d75a2e6add0b4b56f7d9fd9f6b7d453dd7e2a2850989011cd6", url: "https://dl.discordapp.net/distro/app/stable/win/x86/1.0.9005/discord_hook/1/from/1.0.9004/1" }] }, "discord_rpc": ModuleUpdates { full: ModuleUpdatePackage { host_version: HostVersionTriple(1, 0, 9005), module_version: 1, package_sha256: "b1cc2f1ad4126c4f9c9c7985ed9b9056e9ec9f52229c0df454ae75573ac721a4", url: "https://dl.discordapp.net/distro/app/stable/win/x86/1.0.9005/discord_rpc/1/full.distro" }, deltas: [ModuleUpdatePackage { host_version: HostVersionTriple(1, 0, 9004), module_version: 1, package_sha256: "d0dad2e67fc17afa9486085fd27fc127472a84e6e240c60a4376f931638f55fe", url: "https://dl.discordapp.net/distro/app/stable/win/x86/1.0.9005/discord_rpc/1/from/1.0.9004/1" }] }, "discord_vigilante": ModuleUpdates { full: ModuleUpdatePackage { host_version: HostVersionTriple(1, 0, 9005), module_version: 1, package_sha256: "eeda22130156c8c8c60046b4ae4cd9069e4be665b1fd4d22ab85bdac77944428", url: "https://dl.discordapp.net/distro/app/stable/win/x86/1.0.9005/discord_vigilante/1/full.distro" }, deltas: [ModuleUpdatePackage { host_version: HostVersionTriple(1, 0, 9004), module_version: 1, package_sha256: "84fde2d599d7bc3db5a54b3227eaaedbd7de3aa9d45ec906a3572fd4ecba0791", url: "https://dl.discordapp.net/distro/app/stable/win/x86/1.0.9005/discord_vigilante/1/from/1.0.9004/1" }] }, "discord_spellcheck": ModuleUpdates { full: ModuleUpdatePackage { host_version: HostVersionTriple(1, 0, 9005), module_version: 1, package_sha256: "f88d534e78417da3e80dd872510f9735e691754cd1de4654bad94a645e1ac526", url: "https://dl.discordapp.net/distro/app/stable/win/x86/1.0.9005/discord_spellcheck/1/full.distro" }, deltas: [ModuleUpdatePackage { host_version: HostVersionTriple(1, 0, 9004), module_version: 1, package_sha256: "de9cdf011de086c65cd91c6a747edec9d5f737e7c160765d64955b33c5ac4b9a", url: "https://dl.discordapp.net/distro/app/stable/win/x86/1.0.9005/discord_spellcheck/1/from/1.0.9004/1" }] }, "discord_voice": ModuleUpdates { full: ModuleUpdatePackage { host_version: HostVersionTriple(1, 0, 9005), module_version: 1, package_sha256: "8113b99f89c5dc60891d62ce496eacb48cc8f75e1759ffd3b75a0915a318f62f", url: "https://dl.discordapp.net/distro/app/stable/win/x86/1.0.9005/discord_voice/1/full.distro" }, deltas: [ModuleUpdatePackage { host_version: HostVersionTriple(1, 0, 9004), module_version: 6, package_sha256: "dff1e13a27c34027745e49072f3f4b2e39934f1093298e2cac534a3d0ff84b69", url: "https://dl.discordapp.net/distro/app/stable/win/x86/1.0.9005/discord_voice/1/from/1.0.9004/6" }] }, "discord_desktop_core": ModuleUpdates { full: ModuleUpdatePackage { host_version: HostVersionTriple(1, 0, 9005), module_version: 1, package_sha256: "de45bc92f2e0ddfb7b6a10146b80d09a913723518f44dc4b6525cf6eaac5349c", url: "https://dl.discordapp.net/distro/app/stable/win/x86/1.0.9005/discord_desktop_core/1/full.distro" }, deltas: [ModuleUpdatePackage { host_version: HostVersionTriple(1, 0, 9004), module_version: 3, package_sha256: "68090de735ce170115838b9d0dc092ad30250a34208ba584a72e86ca3f33820b", url: "https://dl.discordapp.net/distro/app/stable/win/x86/1.0.9005/discord_desktop_core/1/from/1.0.9004/3" }] }, "discord_dispatch": ModuleUpdates { full: ModuleUpdatePackage { host_version: HostVersionTriple(1, 0, 9005), module_version: 1, package_sha256: "ec11d79c61e0ca7abc7178776c586925095ae9349f3f3cdcdf40b61e94d7b768", url: "https://dl.discordapp.net/distro/app/stable/win/x86/1.0.9005/discord_dispatch/1/full.distro" }, deltas: [ModuleUpdatePackage { host_version: HostVersionTriple(1, 0, 9004), module_version: 1, package_sha256: "596aa18cd8519ec1e5179dddb8ddfdd5164967f7c6ff4469183e0f054024a3a6", url: "https://dl.discordapp.net/distro/app/stable/win/x86/1.0.9005/discord_dispatch/1/from/1.0.9004/1" }] }, "discord_krisp": ModuleUpdates { full: ModuleUpdatePackage { host_version: HostVersionTriple(1, 0, 9005), module_version: 1, package_sha256: "e9fdcebdcc4009cf5e6bc67a4ed874602932ca0f0cd2092760c876fd8c959357", url: "https://dl.discordapp.net/distro/app/stable/win/x86/1.0.9005/discord_krisp/1/full.distro" }, deltas: [ModuleUpdatePackage { host_version: HostVersionTriple(1, 0, 9004), module_version: 1, package_sha256: "0137d12d6ddcc9ece6607735af031763e093cdb02cbca853f8d3296513cb3e81", url: "https://dl.discordapp.net/distro/app/stable/win/x86/1.0.9005/discord_krisp/1/from/1.0.9004/1" }] }, "discord_erlpack": ModuleUpdates { full: ModuleUpdatePackage { host_version: HostVersionTriple(1, 0, 9005), module_version: 1, package_sha256: "622d27b75c03ac62dc7b530452e478ad7531410dd7e19935d59c6fd8f6c5ed52", url: "https://dl.discordapp.net/distro/app/stable/win/x86/1.0.9005/discord_erlpack/1/full.distro" }, deltas: [ModuleUpdatePackage { host_version: HostVersionTriple(1, 0, 9004), module_version: 1, package_sha256: "b5b2f8fa504efddb9b9e055cb738a85c9e92d77e7338732a3742eb479d216642", url: "https://dl.discordapp.net/distro/app/stable/win/x86/1.0.9005/discord_erlpack/1/from/1.0.9004/1" }] }, "discord_overlay2": ModuleUpdates { full: ModuleUpdatePackage { host_version: HostVersionTriple(1, 0, 9005), module_version: 1, package_sha256: "e8caf61cb0d114e4bea3aac8c523a555216eb2f9b53d566608f4e94fa7648ab9", url: "https://dl.discordapp.net/distro/app/stable/win/x86/1.0.9005/discord_overlay2/1/full.distro" }, deltas: [ModuleUpdatePackage { host_version: HostVersionTriple(1, 0, 9004), module_version: 1, package_sha256: "9f9f7053e30a25ee8400318f30bd75230f46e1858aa7cdb08fa2a14d927f73e4", url: "https://dl.discordapp.net/distro/app/stable/win/x86/1.0.9005/discord_overlay2/1/from/1.0.9004/1" }] }, "discord_game_utils": ModuleUpdates { full: ModuleUpdatePackage { host_version: HostVersionTriple(1, 0, 9005), module_version: 1, package_sha256: "43cab55630de2dd44481895454ff8f0e64ad4a14c2df1b2a0a3bea184478c4a7", url: "https://dl.discordapp.net/distro/app/stable/win/x86/1.0.9005/discord_game_utils/1/full.distro" }, deltas: [ModuleUpdatePackage { host_version: HostVersionTriple(1, 0, 9004), module_version: 1, package_sha256: "8128a66be2e9db7a78893b84e3133ae533893e6dbe077d4a949cf2ce4b752ceb", url: "https://dl.discordapp.net/distro/app/stable/win/x86/1.0.9005/discord_game_utils/1/from/1.0.9004/1" }] }, "discord_cloudsync": ModuleUpdates { full: ModuleUpdatePackage { host_version: HostVersionTriple(1, 0, 9005), module_version: 1, package_sha256: "07cc869e321bca6f1294a2fd4688284b9929c76d1d2c1f82a4db9fd5fec6013a", url: "https://dl.discordapp.net/distro/app/stable/win/x86/1.0.9005/discord_cloudsync/1/full.distro" }, deltas: [ModuleUpdatePackage { host_version: HostVersionTriple(1, 0, 9004), module_version: 1, package_sha256: "c5a4d57a65bb67af4c28f52fc746c017ed7fb02553279bb78f3cfe2c777b9052", url: "https://dl.discordapp.net/distro/app/stable/win/x86/1.0.9005/discord_cloudsync/1/from/1.0.9004/1" }] }, "discord_media": ModuleUpdates { full: ModuleUpdatePackage { host_version: HostVersionTriple(1, 0, 9005), module_version: 1, package_sha256: "2842e32ac9ca0ad24a73446c74e07886913de3db07e82c2503b27d18eda2e277", url: "https://dl.discordapp.net/distro/app/stable/win/x86/1.0.9005/discord_media/1/full.distro" }, deltas: [ModuleUpdatePackage { host_version: HostVersionTriple(1, 0, 9004), module_version: 1, package_sha256: "ac46edb7742a6ca3e038e9ed19d39ea5ab75db4f8cc21a42d286171e1e2d2b0a", url: "https://dl.discordapp.net/distro/app/stable/win/x86/1.0.9005/discord_media/1/from/1.0.9004/1" }] }, "discord_modules": ModuleUpdates { full: ModuleUpdatePackage { host_version: HostVersionTriple(1, 0, 9005), module_version: 1, package_sha256: "e3f16914f6c602e93162190cc39f7d90f5a75a577ec76eaa345d7785c69181a0", url: "https://dl.discordapp.net/distro/app/stable/win/x86/1.0.9005/discord_modules/1/full.distro" }, deltas: [ModuleUpdatePackage { host_version: HostVersionTriple(1, 0, 9004), module_version: 1, package_sha256: "354cce63d5754918072d57ca5c363682fe8a3ec9b7b58b3ed8ebf628b6438500", url: "https://dl.discordapp.net/distro/app/stable/win/x86/1.0.9005/discord_modules/1/from/1.0.9004/1" }] }, "discord_sekrit": ModuleUpdates { full: ModuleUpdatePackage { host_version: HostVersionTriple(1, 0, 9005), module_version: 1, package_sha256: "9745a4b84592bfe8c0dcdd4273c82459881149ea5d001b22ad868bfedb8c02a6", url: "https://dl.discordapp.net/distro/app/stable/win/x86/1.0.9005/discord_sekrit/1/full.distro" }, deltas: [ModuleUpdatePackage { host_version: HostVersionTriple(1, 0, 9004), module_version: 1, package_sha256: "459dc268f4aeadeca9394c26f377ec72a35c685f1d357fab283b355d0d680488", url: "https://dl.discordapp.net/distro/app/stable/win/x86/1.0.9005/discord_sekrit/1/from/1.0.9004/1" }] }}, required_modules: ["discord_desktop_core", "discord_erlpack", "discord_spellcheck", "discord_utils", "discord_voice"] }))
[2022-07-14 17:56:23.069286 -07:00] INFO [updater_client::db]: Opening installer database (exclusive: true, caller: set_manifests).
[2022-07-14 17:56:23.069995 -07:00] INFO [updater_client::db]: Opened installer database (exclusive: true, caller: set_manifests).
[2022-07-14 17:56:23.070108 -07:00] INFO [updater_client::db]: Dropping database reference (exclusive: true, caller: "set_manifests", strong count: 1)
[2022-07-14 17:56:23.071067 -07:00] INFO [updater_client]: Updater received command 3: CollectGarbage
[2022-07-14 17:56:23.071184 -07:00] INFO [updater_client::db]: Opening installer database (exclusive: true, caller: collect_garbage).
[2022-07-14 17:56:23.071538 -07:00] INFO [updater_client::db]: Opened installer database (exclusive: true, caller: collect_garbage).
[2022-07-14 17:56:23.073492 -07:00] INFO [updater_client]: Summary of in-use assets:
[2022-07-14 17:56:23.073532 -07:00] INFO [updater_client]: Used host: HostVersionTriple(1, 0, 9005)
[2022-07-14 17:56:23.073542 -07:00] INFO [updater_client]:   Used module: "discord_cloudsync"
[2022-07-14 17:56:23.073551 -07:00] INFO [updater_client]:     - 1
[2022-07-14 17:56:23.073559 -07:00] INFO [updater_client]:   Used module: "discord_spellcheck"
[2022-07-14 17:56:23.073567 -07:00] INFO [updater_client]:     - 1
[2022-07-14 17:56:23.073574 -07:00] INFO [updater_client]:   Used module: "discord_overlay2"
[2022-07-14 17:56:23.073582 -07:00] INFO [updater_client]:     - 1
[2022-07-14 17:56:23.073589 -07:00] INFO [updater_client]:   Used module: "discord_rpc"
[2022-07-14 17:56:23.073597 -07:00] INFO [updater_client]:     - 1
[2022-07-14 17:56:23.073604 -07:00] INFO [updater_client]:   Used module: "discord_desktop_core"
[2022-07-14 17:56:23.073612 -07:00] INFO [updater_client]:     - 1
[2022-07-14 17:56:23.073619 -07:00] INFO [updater_client]:   Used module: "discord_dispatch"
[2022-07-14 17:56:23.073626 -07:00] INFO [updater_client]:     - 1
[2022-07-14 17:56:23.073633 -07:00] INFO [updater_client]:   Used module: "discord_erlpack"
[2022-07-14 17:56:23.073641 -07:00] INFO [updater_client]:     - 1
[2022-07-14 17:56:23.073648 -07:00] INFO [updater_client]:   Used module: "discord_media"
[2022-07-14 17:56:23.073656 -07:00] INFO [updater_client]:     - 1
[2022-07-14 17:56:23.073663 -07:00] INFO [updater_client]:   Used module: "discord_sekrit"
[2022-07-14 17:56:23.073670 -07:00] INFO [updater_client]:     - 1
[2022-07-14 17:56:23.073677 -07:00] INFO [updater_client]:   Used module: "discord_voice"
[2022-07-14 17:56:23.073685 -07:00] INFO [updater_client]:     - 1
[2022-07-14 17:56:23.073692 -07:00] INFO [updater_client]:   Used module: "discord_game_utils"
[2022-07-14 17:56:23.073700 -07:00] INFO [updater_client]:     - 1
[2022-07-14 17:56:23.073707 -07:00] INFO [updater_client]:   Used module: "discord_hook"
[2022-07-14 17:56:23.073714 -07:00] INFO [updater_client]:     - 1
[2022-07-14 17:56:23.073721 -07:00] INFO [updater_client]:   Used module: "discord_vigilante"
[2022-07-14 17:56:23.073728 -07:00] INFO [updater_client]:     - 1
[2022-07-14 17:56:23.073735 -07:00] INFO [updater_client]:   Used module: "discord_utils"
[2022-07-14 17:56:23.073743 -07:00] INFO [updater_client]:     - 1
[2022-07-14 17:56:23.073750 -07:00] INFO [updater_client]:   Used module: "discord_krisp"
[2022-07-14 17:56:23.073757 -07:00] INFO [updater_client]:     - 1
[2022-07-14 17:56:23.073764 -07:00] INFO [updater_client]:   Used module: "discord_modules"
[2022-07-14 17:56:23.073772 -07:00] INFO [updater_client]:     - 1
[2022-07-14 17:56:23.438162 -07:00] INFO [updater_client::db]: Dropping database reference (exclusive: true, caller: "collect_garbage", strong count: 1)
[2022-07-14 17:56:24.470719 -07:00] INFO [updater_client]: Updater received command 4: QueryCurrentVersions
[2022-07-14 17:56:24.470836 -07:00] INFO [updater_client::db]: Opening installer database (exclusive: true, caller: query_current_version).
[2022-07-14 17:56:24.471325 -07:00] INFO [updater_client::db]: Opened installer database (exclusive: true, caller: query_current_version).
[2022-07-14 17:56:24.474220 -07:00] INFO [updater_client::db]: Dropping database reference (exclusive: true, caller: "query_current_version", strong count: 1)
[2022-07-14 17:56:32.932129 -07:00] INFO [updater_client]: Updater received command 5: InstallModule { name: "discord_krisp", options: None }
[2022-07-14 17:56:32.932250 -07:00] INFO [updater_client::install]: Requesting installation of module discord_krisp.
[2022-07-14 17:56:32.932289 -07:00] INFO [updater_client::db]: Opening installer database (exclusive: true, caller: install_module(discord_krisp)).
[2022-07-14 17:56:32.932820 -07:00] INFO [updater_client::db]: Opened installer database (exclusive: true, caller: install_module(discord_krisp)).
[2022-07-14 17:56:32.935082 -07:00] INFO [updater_client::db]: Dropping database reference (exclusive: true, caller: "install_module(discord_krisp)", strong count: 1)
[2022-07-14 17:56:32.935210 -07:00] INFO [updater_client::install]: Install of module discord_krisp finished successfully.
[2022-07-14 17:56:32.935746 -07:00] INFO [updater_client]: Updater received command 6: QueryCurrentVersions
[2022-07-14 17:56:32.935820 -07:00] INFO [updater_client::db]: Opening installer database (exclusive: true, caller: query_current_version).
[2022-07-14 17:56:32.936228 -07:00] INFO [updater_client::db]: Opened installer database (exclusive: true, caller: query_current_version).
[2022-07-14 17:56:32.936825 -07:00] INFO [updater_client]: Updater received command 7: InstallModule { name: "discord_game_utils", options: None }
[2022-07-14 17:56:32.937281 -07:00] INFO [updater_client::install]: Requesting installation of module discord_game_utils.
[2022-07-14 17:56:32.937313 -07:00] INFO [updater_client::db]: Opening installer database (exclusive: true, caller: install_module(discord_game_utils)).
[2022-07-14 17:56:32.938574 -07:00] INFO [updater_client::db]: Dropping database reference (exclusive: true, caller: "query_current_version", strong count: 1)
[2022-07-14 17:56:32.946945 -07:00] INFO [updater_client::db]: Opened installer database (exclusive: true, caller: install_module(discord_game_utils)).
[2022-07-14 17:56:32.949318 -07:00] INFO [updater_client::db]: Dropping database reference (exclusive: true, caller: "install_module(discord_game_utils)", strong count: 1)
[2022-07-14 17:56:32.949433 -07:00] INFO [updater_client::install]: Install of module discord_game_utils finished successfully.
[2022-07-14 17:56:32.949882 -07:00] INFO [updater_client]: Updater received command 8: QueryCurrentVersions
[2022-07-14 17:56:32.949943 -07:00] INFO [updater_client::db]: Opening installer database (exclusive: true, caller: query_current_version).
[2022-07-14 17:56:32.950266 -07:00] INFO [updater_client::db]: Opened installer database (exclusive: true, caller: query_current_version).
[2022-07-14 17:56:32.952336 -07:00] INFO [updater_client::db]: Dropping database reference (exclusive: true, caller: "query_current_version", strong count: 1)
[2022-07-14 17:56:33.321791 -07:00] INFO [updater_client]: Updater received command 9: InstallModule { name: "discord_overlay2", options: None }
[2022-07-14 17:56:33.321877 -07:00] INFO [updater_client::install]: Requesting installation of module discord_overlay2.
[2022-07-14 17:56:33.321905 -07:00] INFO [updater_client::db]: Opening installer database (exclusive: true, caller: install_module(discord_overlay2)).
[2022-07-14 17:56:33.322338 -07:00] INFO [updater_client::db]: Opened installer database (exclusive: true, caller: install_module(discord_overlay2)).
[2022-07-14 17:56:33.326038 -07:00] INFO [updater_client::db]: Dropping database reference (exclusive: true, caller: "install_module(discord_overlay2)", strong count: 1)
[2022-07-14 17:56:33.326271 -07:00] INFO [updater_client::install]: Install of module discord_overlay2 finished successfully.
[2022-07-14 17:56:33.365872 -07:00] INFO [updater_client]: Updater received command 10: QueryCurrentVersions
[2022-07-14 17:56:33.365954 -07:00] INFO [updater_client::db]: Opening installer database (exclusive: true, caller: query_current_version).
[2022-07-14 17:56:33.366369 -07:00] INFO [updater_client::db]: Opened installer database (exclusive: true, caller: query_current_version).
[2022-07-14 17:56:33.369756 -07:00] INFO [updater_client::db]: Dropping database reference (exclusive: true, caller: "query_current_version", strong count: 1)
[2022-07-14 17:56:39.893570 -07:00] INFO [updater_client]: Updater received command 11: InstallModule { name: "discord_cloudsync", options: None }
[2022-07-14 17:56:39.893685 -07:00] INFO [updater_client::install]: Requesting installation of module discord_cloudsync.
[2022-07-14 17:56:39.893721 -07:00] INFO [updater_client::db]: Opening installer database (exclusive: true, caller: install_module(discord_cloudsync)).
[2022-07-14 17:56:39.894296 -07:00] INFO [updater_client::db]: Opened installer database (exclusive: true, caller: install_module(discord_cloudsync)).
[2022-07-14 17:56:39.897854 -07:00] INFO [updater_client::db]: Dropping database reference (exclusive: true, caller: "install_module(discord_cloudsync)", strong count: 1)
[2022-07-14 17:56:39.898047 -07:00] INFO [updater_client::install]: Install of module discord_cloudsync finished successfully.
[2022-07-14 17:56:39.900679 -07:00] INFO [updater_client]: Updater received command 12: QueryCurrentVersions
[2022-07-14 17:56:39.900776 -07:00] INFO [updater_client::db]: Opening installer database (exclusive: true, caller: query_current_version).
[2022-07-14 17:56:39.901383 -07:00] INFO [updater_client::db]: Opened installer database (exclusive: true, caller: query_current_version).
[2022-07-14 17:56:39.905674 -07:00] INFO [updater_client::db]: Dropping database reference (exclusive: true, caller: "query_current_version", strong count: 1)
[2022-07-14 17:56:41.377600 -07:00] INFO [updater_client]: Updater received command 13: InstallModule { name: "discord_rpc", options: None }
[2022-07-14 17:56:41.377718 -07:00] INFO [updater_client::install]: Requesting installation of module discord_rpc.
[2022-07-14 17:56:41.377755 -07:00] INFO [updater_client::db]: Opening installer database (exclusive: true, caller: install_module(discord_rpc)).
[2022-07-14 17:56:41.378240 -07:00] INFO [updater_client::db]: Opened installer database (exclusive: true, caller: install_module(discord_rpc)).
[2022-07-14 17:56:41.381825 -07:00] INFO [updater_client::db]: Dropping database reference (exclusive: true, caller: "install_module(discord_rpc)", strong count: 1)
[2022-07-14 17:56:41.382055 -07:00] INFO [updater_client::install]: Install of module discord_rpc finished successfully.
[2022-07-14 17:56:41.382398 -07:00] INFO [updater_client]: Updater received command 14: QueryCurrentVersions
[2022-07-14 17:56:41.382470 -07:00] INFO [updater_client::db]: Opening installer database (exclusive: true, caller: query_current_version).
[2022-07-14 17:56:41.382956 -07:00] INFO [updater_client::db]: Opened installer database (exclusive: true, caller: query_current_version).
[2022-07-14 17:56:41.386443 -07:00] INFO [updater_client::db]: Dropping database reference (exclusive: true, caller: "query_current_version", strong count: 1)
[2022-07-14 17:57:35.510305 -07:00] INFO [updater_client]: Updater main thread exiting.
