[Modules] Modules initializing
[Modules] Distribution: remote
[Modules] Host updates: enabled
[Modules] Module updates: enabled
[Modules] Install path: C:\Users\Devin\AppData\Roaming\discord\0.0.298\modules
[Modules] Bootstrapping...
[Modules] Installing discord_rpc@1 from C:\Users\Devin\AppData\Local\Discord\app-0.0.298\resources\bootstrap\discord_rpc.zip
[Modules] Installing discord_toaster@1 from C:\Users\Devin\AppData\Local\Discord\app-0.0.298\resources\bootstrap\discord_toaster.zip
[Modules] Installing discord_utils@1 from C:\Users\Devin\AppData\Local\Discord\app-0.0.298\resources\bootstrap\discord_utils.zip
[Modules] Installing discord_voice@1 from C:\Users\Devin\AppData\Local\Discord\app-0.0.298\resources\bootstrap\discord_voice.zip
[Modules] Finished module installations. [success: 4] [failure: 0]
[Modules] Checking for host updates.
[Modules] Host is up to date.
[Modules] Checking for module updates at https://discordapp.com/api/modules/stable/versions.json
[Modules] Module update available: discord_voice@2 [installed: 1]
[Modules] Fetching discord_voice@2 from https://discordapp.com/api/modules/stable/discord_voice/2
[Modules] Streaming discord_voice@2 [3518075 bytes] to C:\Users\Devin\AppData\Roaming\discord\0.0.298\modules\pending\discord_voice-2.zip
[Modules] Finished module downloads. [success: 1] [failure: 0]
[Modules] Relaunching to install module updates...
[Modules] Modules initializing
[Modules] Distribution: remote
[Modules] Host updates: enabled
[Modules] Module updates: enabled
[Modules] Install path: C:\Users\Devin\AppData\Roaming\discord\0.0.298\modules
[Modules] Installing updates...
[Modules] Installing discord_voice@2 from C:\Users\Devin\AppData\Roaming\discord\0.0.298\modules\pending\discord_voice-2.zip
[Modules] Finished module installations. [success: 1] [failure: 0]
[Modules] Checking for host updates.
[Modules] Host is up to date.
[Modules] Checking for module updates at https://discordapp.com/api/modules/stable/versions.json
[Modules] No module updates available.
